TN:
SF:src\AuthPage.tsx
FN:5,AuthPage
FN:12,handleSubmit
FN:63,onChange
FN:73,onChange
FN:84,onClick
FNF:5
FNH:5
FNDA:104,AuthPage
FNDA:8,handleSubmit
FNDA:33,onChange
FNDA:41,onChange
FNDA:4,onClick
DA:1,1
DA:5,1
DA:6,104
DA:7,104
DA:8,104
DA:9,104
DA:10,104
DA:12,104
DA:13,8
DA:14,8
DA:15,2
DA:16,2
DA:17,2
DA:19,6
DA:20,6
DA:22,6
DA:23,8
DA:24,1
DA:25,1
DA:26,1
DA:27,1
DA:28,1
DA:29,1
DA:30,1
DA:32,5
DA:33,1
DA:34,1
DA:35,1
DA:36,1
DA:37,1
DA:38,8
DA:39,2
DA:40,8
DA:41,4
DA:42,4
DA:43,8
DA:45,104
DA:46,104
DA:47,104
DA:48,104
DA:49,104
DA:50,104
DA:51,104
DA:52,104
DA:54,104
DA:56,104
DA:57,104
DA:58,104
DA:59,104
DA:60,104
DA:61,104
DA:62,104
DA:63,104
DA:64,104
DA:65,104
DA:66,104
DA:67,104
DA:68,104
DA:69,104
DA:70,104
DA:71,104
DA:72,104
DA:73,104
DA:74,104
DA:75,104
DA:76,104
DA:78,104
DA:79,104
DA:80,104
DA:81,104
DA:83,104
DA:84,104
DA:85,104
DA:86,104
DA:87,104
DA:88,104
DA:89,104
DA:91,104
LF:78
LH:78
BRDA:5,0,0,104
BRDA:50,1,0,89
BRDA:50,2,0,15
BRDA:51,3,0,89
BRDA:51,4,0,15
BRDA:54,5,0,5
BRDA:54,6,0,1
BRDA:54,7,0,4
BRDA:71,8,0,89
BRDA:71,9,0,15
BRDA:79,10,0,6
BRDA:79,11,0,98
BRDA:79,12,0,84
BRDA:79,13,0,14
BRDA:85,14,0,89
BRDA:85,15,0,15
BRDA:12,16,0,8
BRDA:14,17,0,6
BRDA:14,18,0,2
BRDA:17,19,0,6
BRDA:23,20,0,1
BRDA:30,21,0,5
BRDA:32,22,0,1
BRDA:38,23,0,2
BRDA:39,24,0,0
BRDA:40,25,0,3
BRDA:40,26,0,4
BRDA:63,27,0,33
BRDA:73,28,0,41
BRDA:84,29,0,4
BRF:30
BRH:29
end_of_record
TN:
SF:src\ErrorBoundary.tsx
FN:18,ErrorBoundary
FN:23,getDerivedStateFromError
FN:27,componentDidCatch
FN:32,render
FN:59,onClick
FNF:5
FNH:5
FNDA:8,ErrorBoundary
FNDA:8,getDerivedStateFromError
FNDA:4,componentDidCatch
FNDA:17,render
FNDA:1,onClick
DA:1,1
DA:17,1
DA:18,1
DA:19,8
DA:20,8
DA:21,8
DA:23,1
DA:24,8
DA:25,8
DA:27,1
DA:29,4
DA:30,4
DA:32,1
DA:33,17
DA:34,8
DA:35,6
DA:36,6
DA:37,6
DA:38,6
DA:39,6
DA:40,6
DA:41,6
DA:42,6
DA:43,6
DA:44,6
DA:45,6
DA:46,6
DA:47,6
DA:48,6
DA:49,6
DA:50,6
DA:51,6
DA:53,6
DA:54,6
DA:55,8
DA:56,8
DA:57,8
DA:58,8
DA:59,8
DA:60,8
DA:61,8
DA:62,8
DA:63,8
DA:64,8
DA:65,8
DA:66,8
DA:67,8
DA:68,8
DA:69,8
DA:70,8
DA:72,8
DA:73,8
DA:75,8
DA:76,9
DA:77,17
DA:78,1
LF:56
LH:56
BRDA:18,0,0,8
BRDA:23,1,0,8
BRDA:27,2,0,4
BRDA:32,3,0,17
BRDA:33,4,0,8
BRDA:34,5,0,2
BRDA:34,6,0,6
BRDA:55,7,0,0
BRDA:75,8,0,9
BRDA:59,9,0,1
BRF:10
BRH:9
end_of_record
TN:
SF:src\api.ts
FN:15,normalizeBackend
FN:20,localDevBackend
FN:28,sameOriginBackend
FN:50,timeoutSignal
FN:55,cancel
FN:59,candidateBackends
FN:63,errorMessage
FN:69,buildSuffix
FN:77,currentBackend
FN:81,backendLabel
FN:90,apiGet
FN:126,apiGetFirstSuccess
FN:170,apiPost
FN:206,pingApi
FN:210,platformStatus
FN:214,platformReadiness
FN:218,artifactHealth
FN:222,semanticBenchmark
FN:226,loadTitles
FN:230,searchMovies
FN:234,aiSearch
FN:238,getMovie
FN:242,getMovieEnriched
FN:260,fetchTmdbTrailer
FN:284,getRecommendations
FN:292,getVisualRecommendations
FN:296,getKGRecommendations
FN:300,getUserRecommendations
FN:304,recordEvent
FN:308,registerUser
FN:312,loginUser
FN:337,runAdminTestSuite
FNF:32
FNH:26
FNDA:10,normalizeBackend
FNDA:2,localDevBackend
FNDA:2,sameOriginBackend
FNDA:15,timeoutSignal
FNDA:15,cancel
FNDA:28,candidateBackends
FNDA:2,errorMessage
FNDA:19,buildSuffix
FNDA:1,currentBackend
FNDA:9,backendLabel
FNDA:11,apiGet
FNDA:8,apiGetFirstSuccess
FNDA:4,apiPost
FNDA:0,pingApi
FNDA:1,platformStatus
FNDA:1,platformReadiness
FNDA:1,artifactHealth
FNDA:1,semanticBenchmark
FNDA:1,loadTitles
FNDA:1,searchMovies
FNDA:1,aiSearch
FNDA:1,getMovie
FNDA:0,getMovieEnriched
FNDA:0,fetchTmdbTrailer
FNDA:1,getRecommendations
FNDA:0,getVisualRecommendations
FNDA:0,getKGRecommendations
FNDA:1,getUserRecommendations
FNDA:1,recordEvent
FNDA:1,registerUser
FNDA:5,loginUser
FNDA:0,runAdminTestSuite
DA:15,10
DA:16,10
DA:17,10
DA:18,10
DA:20,2
DA:21,2
DA:22,2
DA:23,2
DA:24,2
DA:25,0
DA:26,0
DA:28,2
DA:29,2
DA:30,2
DA:31,2
DA:32,2
DA:33,0
DA:34,0
DA:36,1
DA:37,1
DA:38,1
DA:39,1
DA:40,1
DA:41,1
DA:42,1
DA:43,1
DA:44,1
DA:46,1
DA:48,1
DA:50,15
DA:51,15
DA:52,15
DA:53,15
DA:54,15
DA:55,15
DA:56,15
DA:57,15
DA:59,28
DA:60,28
DA:61,28
DA:63,2
DA:64,2
DA:65,2
DA:66,0
DA:67,0
DA:69,19
DA:70,19
DA:71,19
DA:72,19
DA:73,19
DA:74,19
DA:75,19
DA:77,1
DA:78,1
DA:79,1
DA:81,1
DA:82,9
DA:83,9
DA:84,9
DA:85,9
DA:86,2
DA:87,2
DA:88,9
DA:90,11
DA:91,11
DA:92,11
DA:93,11
DA:94,11
DA:95,11
DA:96,11
DA:98,11
DA:99,11
DA:100,11
DA:101,11
DA:102,11
DA:103,11
DA:105,11
DA:106,11
DA:107,11
DA:108,11
DA:109,11
DA:110,3
DA:111,3
DA:112,2
DA:113,2
DA:114,8
DA:115,8
DA:116,11
DA:117,0
DA:118,11
DA:119,11
DA:120,11
DA:121,11
DA:123,11
DA:124,11
DA:126,8
DA:127,8
DA:128,8
DA:129,8
DA:130,8
DA:131,8
DA:132,8
DA:133,8
DA:134,8
DA:135,8
DA:136,8
DA:137,8
DA:138,8
DA:139,8
DA:140,8
DA:141,8
DA:143,8
DA:144,8
DA:145,8
DA:146,8
DA:147,8
DA:148,0
DA:149,0
DA:150,6
DA:151,7
DA:152,2
DA:153,2
DA:154,8
DA:155,8
DA:156,8
DA:157,8
DA:159,8
DA:160,8
DA:161,6
DA:162,6
DA:163,7
DA:164,2
DA:165,8
DA:166,8
DA:167,8
DA:168,8
DA:170,4
DA:171,4
DA:173,4
DA:174,4
DA:175,4
DA:176,4
DA:177,4
DA:178,4
DA:179,4
DA:180,4
DA:181,4
DA:183,4
DA:184,4
DA:185,4
DA:186,4
DA:187,4
DA:188,4
DA:189,4
DA:190,1
DA:191,1
DA:192,0
DA:193,0
DA:194,3
DA:195,3
DA:196,4
DA:197,0
DA:198,4
DA:199,4
DA:200,4
DA:201,4
DA:203,4
DA:204,4
DA:206,0
DA:207,0
DA:208,0
DA:210,1
DA:211,1
DA:212,1
DA:214,1
DA:215,1
DA:216,1
DA:218,1
DA:219,1
DA:220,1
DA:222,1
DA:223,1
DA:224,1
DA:226,1
DA:227,1
DA:228,1
DA:230,1
DA:231,1
DA:232,1
DA:234,1
DA:235,1
DA:236,1
DA:238,1
DA:239,1
DA:240,1
DA:242,0
DA:244,0
DA:245,0
DA:246,0
DA:247,0
DA:250,0
DA:251,0
DA:252,0
DA:253,0
DA:254,0
DA:255,0
DA:256,0
DA:257,0
DA:258,0
DA:260,0
DA:262,0
DA:263,0
DA:264,0
DA:265,0
DA:268,0
DA:269,0
DA:270,0
DA:271,0
DA:273,0
DA:275,0
DA:276,0
DA:277,0
DA:278,0
DA:279,0
DA:281,0
DA:282,0
DA:284,1
DA:285,1
DA:286,1
DA:287,1
DA:288,1
DA:289,1
DA:290,1
DA:292,0
DA:293,0
DA:294,0
DA:296,0
DA:297,0
DA:298,0
DA:300,1
DA:301,1
DA:302,1
DA:304,1
DA:305,1
DA:306,1
DA:308,1
DA:309,1
DA:310,1
DA:312,5
DA:313,5
DA:314,5
DA:315,5
DA:316,5
DA:318,5
DA:319,5
DA:320,5
DA:321,5
DA:322,5
DA:323,5
DA:324,5
DA:325,5
DA:326,2
DA:327,2
DA:328,2
DA:329,2
DA:330,3
DA:331,1
DA:332,1
DA:333,5
DA:334,5
DA:335,5
DA:337,1
LF:272
LH:220
BRDA:48,0,0,0
BRDA:15,1,0,10
BRDA:16,2,0,4
BRDA:17,3,0,6
BRDA:20,4,0,2
BRDA:21,5,0,0
BRDA:24,6,0,0
BRDA:28,7,0,2
BRDA:29,8,0,0
BRDA:32,9,0,0
BRDA:44,10,0,10
BRDA:50,11,0,15
BRDA:55,12,0,15
BRDA:59,13,0,28
BRDA:63,14,0,2
BRDA:64,15,0,0
BRDA:64,16,0,0
BRDA:65,17,0,0
BRDA:69,18,0,19
BRDA:74,19,0,12
BRDA:74,20,0,7
BRDA:71,21,0,19
BRDA:72,22,0,18
BRDA:77,23,0,1
BRDA:81,24,0,9
BRDA:85,25,0,2
BRDA:90,26,0,11
BRDA:101,27,0,0
BRDA:103,28,0,0
BRDA:109,29,0,8
BRDA:109,30,0,3
BRDA:111,31,0,1
BRDA:111,32,0,2
BRDA:116,33,0,0
BRDA:121,34,0,6
BRDA:121,35,0,3
BRDA:123,36,0,0
BRDA:126,37,0,8
BRDA:160,38,0,7
BRDA:160,39,0,6
BRDA:163,40,0,2
BRDA:164,41,0,0
BRDA:165,42,0,0
BRDA:134,43,0,8
BRDA:139,44,0,0
BRDA:141,45,0,0
BRDA:146,46,0,6
BRDA:147,47,0,0
BRDA:149,48,0,7
BRDA:149,49,0,6
BRDA:151,50,0,2
BRDA:154,51,0,0
BRDA:166,52,0,8
BRDA:170,53,0,4
BRDA:176,54,0,0
BRDA:181,55,0,0
BRDA:189,56,0,1
BRDA:191,57,0,0
BRDA:193,58,0,3
BRDA:196,59,0,0
BRDA:201,60,0,3
BRDA:201,61,0,1
BRDA:203,62,0,0
BRDA:210,63,0,1
BRDA:214,64,0,1
BRDA:218,65,0,1
BRDA:222,66,0,1
BRDA:226,67,0,1
BRDA:230,68,0,1
BRDA:234,69,0,1
BRDA:238,70,0,1
BRDA:284,71,0,1
BRDA:300,72,0,1
BRDA:304,73,0,1
BRDA:308,74,0,1
BRDA:312,75,0,5
BRDA:324,76,0,4
BRDA:325,77,0,3
BRDA:325,78,0,2
BRDA:330,79,0,1
BRDA:333,80,0,3
BRDA:334,81,0,0
BRF:82
BRH:58
end_of_record
TN:
SF:src\hooks\useHealth.ts
FN:29,useHealth
FN:37,fetchHealth
FNF:2
FNH:2
FNDA:7,useHealth
FNDA:4,fetchHealth
DA:1,1
DA:29,1
DA:30,7
DA:31,7
DA:32,7
DA:34,7
DA:35,4
DA:37,4
DA:38,4
DA:39,4
DA:41,4
DA:42,4
DA:43,1
DA:44,1
DA:45,1
DA:46,4
DA:47,2
DA:48,2
DA:49,2
DA:50,4
DA:51,3
DA:52,3
DA:53,3
DA:54,3
DA:55,4
DA:57,4
DA:59,4
DA:60,4
DA:61,4
DA:62,7
DA:64,7
DA:65,7
LF:32
LH:32
BRDA:29,0,0,7
BRDA:34,1,0,4
BRDA:37,2,0,4
BRDA:42,3,0,1
BRDA:46,4,0,2
BRDA:48,5,0,1
BRDA:48,6,0,1
BRDA:50,7,0,3
BRDA:59,8,0,4
BRF:9
BRH:9
end_of_record
TN:
SF:src\hooks\useKnowledgeGraph.ts
FN:35,useKnowledgeGraph
FNF:1
FNH:1
FNDA:20,useKnowledgeGraph
DA:1,1
DA:35,1
DA:36,20
DA:37,20
DA:38,20
DA:40,20
DA:41,8
DA:42,2
DA:43,2
DA:44,2
DA:45,2
DA:47,6
DA:48,6
DA:49,6
DA:50,6
DA:52,6
DA:53,6
DA:54,3
DA:55,3
DA:56,3
DA:58,3
DA:59,3
DA:60,3
DA:61,3
DA:62,3
DA:63,3
DA:64,3
DA:65,3
DA:66,3
DA:68,3
DA:69,3
DA:70,3
DA:71,3
DA:72,3
DA:74,3
DA:75,6
DA:76,6
DA:77,2
DA:78,2
DA:79,6
DA:80,6
DA:81,5
DA:82,6
DA:84,6
DA:85,6
DA:86,6
DA:87,20
DA:89,20
DA:90,20
LF:49
LH:49
BRDA:35,0,0,20
BRDA:40,1,0,8
BRDA:41,2,0,2
BRDA:45,3,0,6
BRDA:53,4,0,3
BRDA:54,5,0,0
BRDA:60,6,0,3
BRDA:68,7,0,3
BRDA:71,8,0,1
BRDA:76,9,0,2
BRDA:77,10,0,0
BRDA:78,11,0,1
BRDA:78,12,0,1
BRDA:80,13,0,5
BRDA:84,14,0,6
BRF:15
BRH:13
end_of_record
TN:
SF:src\hooks\useSlo.ts
FN:30,useSlo
FN:39,fetchSlo
FNF:2
FNH:2
FNDA:7,useSlo
FNDA:4,fetchSlo
DA:1,1
DA:30,1
DA:31,7
DA:32,7
DA:33,7
DA:34,7
DA:36,7
DA:37,4
DA:39,4
DA:40,4
DA:41,4
DA:42,4
DA:44,4
DA:45,4
DA:46,1
DA:47,1
DA:48,1
DA:49,1
DA:50,4
DA:51,2
DA:53,2
DA:54,2
DA:55,2
DA:56,2
DA:57,2
DA:58,4
DA:59,3
DA:60,3
DA:61,3
DA:62,3
DA:63,4
DA:65,4
DA:67,4
DA:68,4
DA:69,4
DA:70,7
DA:72,7
DA:73,7
LF:38
LH:38
BRDA:30,0,0,7
BRDA:36,1,0,4
BRDA:39,2,0,4
BRDA:45,3,0,1
BRDA:50,4,0,2
BRDA:53,5,0,1
BRDA:53,6,0,1
BRDA:58,7,0,3
BRDA:67,8,0,4
BRF:9
BRH:9
end_of_record
TN:
SF:src\pages\AdminPanel.tsx
FN:15,ErrorBanner
FN:26,WeightsTable
FN:72,AdminPanel
FN:87,reloadWeights
FNF:4
FNH:4
FNDA:1,ErrorBanner
FNDA:3,WeightsTable
FNDA:19,AdminPanel
FNDA:5,reloadWeights
DA:1,1
DA:15,1
DA:16,1
DA:17,1
DA:18,1
DA:19,1
DA:20,1
DA:22,1
DA:26,3
DA:27,3
DA:28,3
DA:29,18
DA:30,18
DA:31,3
DA:33,3
DA:34,3
DA:35,3
DA:36,3
DA:37,3
DA:38,3
DA:39,3
DA:40,3
DA:41,3
DA:42,3
DA:43,3
DA:44,3
DA:45,3
DA:46,3
DA:47,3
DA:48,3
DA:49,18
DA:50,18
DA:51,18
DA:52,18
DA:53,18
DA:54,18
DA:55,18
DA:56,18
DA:57,18
DA:58,18
DA:59,18
DA:60,18
DA:61,18
DA:62,18
DA:63,3
DA:64,3
DA:65,3
DA:66,3
DA:68,3
DA:72,1
DA:73,19
DA:74,19
DA:75,19
DA:76,19
DA:78,19
DA:79,2
DA:80,2
DA:81,2
DA:82,2
DA:83,2
DA:85,2
DA:87,17
DA:88,5
DA:89,5
DA:90,5
DA:91,5
DA:93,5
DA:94,5
DA:95,5
DA:96,5
DA:97,5
DA:98,5
DA:99,3
DA:100,3
DA:101,5
DA:102,1
DA:103,1
DA:104,1
DA:105,0
DA:106,1
DA:107,5
DA:108,4
DA:109,4
DA:110,5
DA:112,17
DA:113,17
DA:114,17
DA:115,17
DA:116,17
DA:117,17
DA:119,17
DA:120,17
DA:122,17
DA:123,17
DA:124,17
DA:127,17
DA:128,17
DA:129,17
DA:131,17
DA:132,17
DA:133,17
DA:135,17
DA:137,17
DA:138,17
DA:139,17
DA:140,17
DA:141,17
DA:142,17
DA:143,17
DA:144,17
DA:146,17
DA:147,5
DA:148,5
DA:150,5
DA:152,12
DA:153,12
DA:155,12
DA:157,19
DA:159,19
DA:161,19
DA:162,3
DA:163,3
DA:165,3
DA:168,19
DA:169,3
DA:171,19
DA:172,19
DA:174,19
LF:128
LH:127
BRDA:15,0,0,1
BRDA:26,1,0,3
BRDA:28,2,0,18
BRDA:30,3,0,0
BRDA:48,4,0,18
BRDA:72,5,0,19
BRDA:78,6,0,18
BRDA:78,7,0,2
BRDA:85,8,0,17
BRDA:146,9,0,5
BRDA:150,10,0,12
BRDA:159,11,0,1
BRDA:161,12,0,3
BRDA:161,13,0,3
BRDA:168,14,0,3
BRDA:168,15,0,3
BRDA:87,16,0,5
BRDA:98,17,0,3
BRDA:101,18,0,1
BRDA:104,19,0,0
BRDA:107,20,0,4
BRF:21
BRH:19
end_of_record
TN:
SF:src\pages\Dashboard.tsx
FN:21,TierBadge
FN:38,HardwareCard
FN:78,SloMetrics
FN:87,fmt
FN:91,fmtUptime
FN:149,PlatformInfoCard
FN:195,DashboardInner
FN:266,Dashboard
FN:270,refresh
FNF:9
FNH:8
FNDA:15,TierBadge
FNDA:15,HardwareCard
FNDA:16,SloMetrics
FNDA:128,fmt
FNDA:32,fmtUptime
FNDA:3,PlatformInfoCard
FNDA:17,DashboardInner
FNDA:14,Dashboard
FNDA:0,refresh
DA:1,1
DA:21,15
DA:22,15
DA:23,15
DA:24,15
DA:25,15
DA:26,15
DA:27,15
DA:28,15
DA:29,15
DA:30,15
DA:31,15
DA:32,15
DA:34,15
DA:38,15
DA:39,15
DA:40,15
DA:41,15
DA:42,15
DA:46,15
DA:47,15
DA:48,15
DA:49,15
DA:50,15
DA:52,15
DA:53,15
DA:54,15
DA:55,15
DA:56,15
DA:57,15
DA:58,15
DA:59,15
DA:60,15
DA:61,15
DA:62,15
DA:63,15
DA:64,15
DA:65,15
DA:66,15
DA:67,15
DA:68,15
DA:69,15
DA:70,15
DA:71,15
DA:72,15
DA:74,15
DA:78,16
DA:79,16
DA:80,16
DA:86,16
DA:87,16
DA:88,128
DA:89,100
DA:90,128
DA:91,16
DA:92,32
DA:93,4
DA:94,4
DA:95,32
DA:96,32
DA:98,16
DA:99,16
DA:101,16
DA:102,16
DA:103,16
DA:104,16
DA:106,16
DA:107,16
DA:108,16
DA:109,16
DA:110,16
DA:111,16
DA:112,16
DA:113,16
DA:114,16
DA:115,16
DA:116,16
DA:117,16
DA:118,16
DA:119,16
DA:120,16
DA:121,16
DA:122,16
DA:123,16
DA:124,16
DA:125,16
DA:126,16
DA:127,16
DA:128,16
DA:129,16
DA:130,16
DA:131,16
DA:132,16
DA:133,16
DA:135,16
DA:149,3
DA:150,3
DA:151,3
DA:152,3
DA:153,3
DA:155,3
DA:156,3
DA:157,3
DA:158,3
DA:159,3
DA:160,3
DA:161,3
DA:162,3
DA:163,3
DA:164,3
DA:165,3
DA:166,3
DA:167,1
DA:168,1
DA:169,1
DA:170,1
DA:171,1
DA:172,1
DA:174,3
DA:175,1
DA:176,1
DA:177,1
DA:178,1
DA:180,3
DA:181,1
DA:182,1
DA:183,1
DA:184,1
DA:185,1
DA:186,1
DA:188,3
DA:189,3
DA:191,3
DA:195,17
DA:196,17
DA:197,17
DA:198,17
DA:200,17
DA:201,14
DA:202,14
DA:203,14
DA:204,17
DA:206,17
DA:207,17
DA:209,17
DA:210,1
DA:211,1
DA:213,1
DA:217,17
DA:218,17
DA:219,17
DA:221,17
DA:222,17
DA:223,1
DA:224,16
DA:225,1
DA:227,15
DA:228,15
DA:229,15
DA:230,15
DA:231,15
DA:232,15
DA:234,15
DA:236,17
DA:239,17
DA:240,15
DA:241,15
DA:242,15
DA:243,15
DA:244,15
DA:248,17
DA:249,16
DA:250,16
DA:251,16
DA:252,16
DA:253,16
DA:254,16
DA:255,16
DA:259,17
DA:260,17
DA:262,17
DA:266,1
DA:267,14
DA:268,14
DA:270,14
DA:271,0
DA:272,0
DA:273,0
DA:274,0
DA:276,14
DA:277,14
DA:278,14
DA:279,14
DA:280,14
DA:281,14
DA:282,14
DA:283,14
DA:284,14
DA:285,14
DA:286,14
DA:287,14
DA:288,14
DA:290,14
DA:291,14
DA:292,14
DA:293,14
DA:294,14
DA:296,14
LF:208
LH:204
BRDA:21,0,0,15
BRDA:22,1,0,0
BRDA:28,2,0,0
BRDA:38,3,0,15
BRDA:57,4,0,13
BRDA:57,5,0,2
BRDA:58,6,0,13
BRDA:58,7,0,2
BRDA:59,8,0,13
BRDA:59,9,0,2
BRDA:78,10,0,16
BRDA:98,11,0,0
BRDA:99,12,0,0
BRDA:99,13,0,2
BRDA:99,14,0,14
BRDA:87,15,0,128
BRDA:88,16,0,100
BRDA:88,17,0,28
BRDA:88,18,0,100
BRDA:91,19,0,32
BRDA:92,20,0,4
BRDA:92,21,0,28
BRDA:92,22,0,4
BRDA:95,23,0,0
BRDA:149,24,0,3
BRDA:160,25,0,2
BRDA:160,26,0,1
BRDA:161,27,0,1
BRDA:162,28,0,1
BRDA:166,29,0,1
BRDA:174,30,0,1
BRDA:180,31,0,1
BRDA:195,32,0,17
BRDA:209,33,0,1
BRDA:222,34,0,1
BRDA:223,35,0,16
BRDA:224,36,0,1
BRDA:225,37,0,15
BRDA:228,38,0,0
BRDA:239,39,0,15
BRDA:239,40,0,15
BRDA:248,41,0,16
BRDA:259,42,0,3
BRDA:200,43,0,14
BRDA:202,44,0,13
BRDA:203,45,0,1
BRDA:266,46,0,14
BRDA:290,47,0,0
BRF:48
BRH:41
end_of_record
TN:
SF:src\pages\Evaluation.tsx
FN:34,MetricsTable
FN:74,EvalSection
FN:109,pct
FN:114,dec
FN:119,semanticRows
FN:131,recBenchmarkRows
FN:142,offlineRows
FN:153,EvaluationPage
FN:223,onClick
FNF:9
FNH:8
FNDA:20,MetricsTable
FNDA:51,EvalSection
FNDA:20,pct
FNDA:41,dec
FNDA:6,semanticRows
FNDA:7,recBenchmarkRows
FNDA:7,offlineRows
FNDA:17,EvaluationPage
FNDA:0,onClick
DA:1,1
DA:34,20
DA:35,20
DA:36,20
DA:37,20
DA:38,20
DA:39,20
DA:40,20
DA:41,20
DA:42,20
DA:43,20
DA:44,20
DA:45,20
DA:46,20
DA:47,20
DA:48,61
DA:49,61
DA:50,61
DA:51,61
DA:52,61
DA:53,61
DA:54,12
DA:55,12
DA:56,12
DA:58,61
DA:59,0
DA:60,0
DA:61,0
DA:63,61
DA:64,61
DA:65,61
DA:66,20
DA:67,20
DA:68,20
DA:70,20
DA:74,51
DA:75,51
DA:76,51
DA:77,51
DA:78,51
DA:79,51
DA:84,51
DA:85,51
DA:86,51
DA:87,51
DA:88,51
DA:89,51
DA:91,51
DA:92,51
DA:93,51
DA:94,30
DA:95,30
DA:96,30
DA:97,30
DA:99,51
DA:100,1
DA:102,51
DA:103,51
DA:105,51
DA:109,20
DA:110,20
DA:111,8
DA:112,8
DA:114,41
DA:115,41
DA:116,19
DA:117,19
DA:119,6
DA:120,6
DA:121,6
DA:122,6
DA:123,6
DA:124,6
DA:125,6
DA:126,6
DA:127,6
DA:128,6
DA:129,6
DA:131,7
DA:132,7
DA:133,7
DA:134,7
DA:135,3
DA:136,3
DA:137,3
DA:138,3
DA:139,7
DA:140,7
DA:142,7
DA:143,7
DA:144,7
DA:145,7
DA:146,7
DA:147,7
DA:148,7
DA:149,7
DA:153,1
DA:154,17
DA:155,17
DA:156,17
DA:158,17
DA:159,17
DA:160,17
DA:162,17
DA:163,17
DA:164,17
DA:166,17
DA:168,17
DA:169,10
DA:170,10
DA:171,10
DA:172,10
DA:173,10
DA:174,10
DA:176,10
DA:177,10
DA:178,10
DA:179,10
DA:180,10
DA:182,10
DA:183,10
DA:184,9
DA:185,10
DA:186,1
DA:187,1
DA:188,10
DA:190,10
DA:191,10
DA:192,10
DA:193,0
DA:194,0
DA:195,10
DA:197,10
DA:198,10
DA:199,10
DA:200,0
DA:201,0
DA:202,0
DA:203,0
DA:204,10
DA:205,10
DA:206,17
DA:208,17
DA:209,17
DA:210,17
DA:211,17
DA:212,17
DA:213,17
DA:215,17
DA:216,17
DA:218,17
DA:219,17
DA:220,17
DA:221,17
DA:222,17
DA:223,17
DA:224,17
DA:225,17
DA:227,17
DA:228,17
DA:229,17
DA:230,17
DA:231,17
DA:232,17
DA:233,17
DA:235,17
DA:236,17
DA:237,6
DA:238,6
DA:239,6
DA:240,6
DA:241,6
DA:242,6
DA:243,6
DA:245,17
DA:247,17
DA:248,17
DA:249,7
DA:250,7
DA:251,7
DA:252,7
DA:253,7
DA:254,7
DA:255,7
DA:256,7
DA:257,7
DA:258,7
DA:260,17
DA:262,17
DA:263,17
DA:264,7
DA:265,7
DA:266,2
DA:268,7
DA:269,7
DA:271,17
DA:272,17
DA:274,17
LF:198
LH:189
BRDA:34,0,0,20
BRDA:47,1,0,61
BRDA:51,2,0,37
BRDA:53,3,0,12
BRDA:58,4,0,0
BRDA:63,5,0,49
BRDA:74,6,0,51
BRDA:93,7,0,30
BRDA:99,8,0,21
BRDA:99,9,0,1
BRDA:102,10,0,21
BRDA:102,11,0,20
BRDA:109,12,0,20
BRDA:110,13,0,8
BRDA:110,14,0,12
BRDA:110,15,0,8
BRDA:114,16,0,41
BRDA:115,17,0,19
BRDA:115,18,0,22
BRDA:115,19,0,19
BRDA:119,20,0,6
BRDA:120,21,0,0
BRDA:121,22,0,1
BRDA:123,23,0,3
BRDA:123,24,0,3
BRDA:124,25,0,3
BRDA:124,26,0,3
BRDA:125,27,0,3
BRDA:125,28,0,3
BRDA:126,29,0,3
BRDA:126,30,0,3
BRDA:131,31,0,7
BRDA:132,32,0,4
BRDA:133,33,0,4
BRDA:134,34,0,3
BRDA:136,35,0,1
BRDA:136,36,0,2
BRDA:136,37,0,1
BRDA:136,38,0,0
BRDA:135,39,0,9
BRDA:142,40,0,7
BRDA:153,41,0,17
BRDA:229,42,0,7
BRDA:229,43,0,7
BRDA:229,44,0,10
BRDA:229,45,0,7
BRDA:236,46,0,6
BRDA:239,47,0,1
BRDA:248,48,0,7
BRDA:251,49,0,4
BRDA:252,50,0,4
BRDA:263,51,0,7
BRDA:265,52,0,2
BRDA:168,53,0,10
BRDA:182,54,0,10
BRDA:183,55,0,9
BRDA:185,56,0,1
BRDA:186,57,0,0
BRDA:192,58,0,0
BRDA:199,59,0,0
BRF:60
BRH:54
end_of_record
TN:
SF:src\pages\UserProfile.tsx
FN:8,posterUrl
FN:16,LoginPrompt
FN:39,BehaviorCard
FN:40,safeVal
FN:91,MiniRecommendationCard
FN:104,onClick
FN:129,loadRecentMovies
FN:138,WatchHistorySection
FN:161,UserProfilePage
FNF:9
FNH:9
FNDA:8,posterUrl
FNDA:3,LoginPrompt
FNDA:10,BehaviorCard
FNDA:60,safeVal
FNDA:8,MiniRecommendationCard
FNDA:1,onClick
FNDA:37,loadRecentMovies
FNDA:37,WatchHistorySection
FNDA:40,UserProfilePage
DA:1,1
DA:6,1
DA:8,8
DA:9,8
DA:10,8
DA:11,6
DA:12,6
DA:16,3
DA:17,3
DA:18,3
DA:19,3
DA:20,3
DA:21,3
DA:22,3
DA:24,3
DA:25,3
DA:27,3
DA:39,10
DA:40,10
DA:41,60
DA:42,6
DA:43,60
DA:45,10
DA:46,10
DA:47,10
DA:48,10
DA:49,10
DA:50,10
DA:51,10
DA:52,10
DA:53,10
DA:54,10
DA:55,1
DA:56,9
DA:57,10
DA:58,10
DA:59,10
DA:60,10
DA:61,10
DA:62,10
DA:63,10
DA:64,10
DA:65,10
DA:66,10
DA:67,10
DA:68,10
DA:69,10
DA:71,10
DA:72,10
DA:73,10
DA:74,10
DA:76,10
DA:77,10
DA:78,10
DA:79,40
DA:80,40
DA:81,40
DA:82,40
DA:83,10
DA:84,10
DA:85,10
DA:87,10
DA:91,8
DA:92,8
DA:93,8
DA:94,8
DA:97,8
DA:98,8
DA:99,8
DA:100,8
DA:101,8
DA:102,8
DA:103,8
DA:104,8
DA:105,8
DA:107,8
DA:108,8
DA:109,8
DA:110,8
DA:111,8
DA:112,8
DA:113,8
DA:114,8
DA:115,8
DA:116,8
DA:117,8
DA:118,8
DA:119,8
DA:120,8
DA:121,8
DA:123,8
DA:127,1
DA:129,37
DA:130,37
DA:131,37
DA:132,37
DA:133,37
DA:134,0
DA:135,0
DA:136,37
DA:138,37
DA:139,37
DA:140,37
DA:141,31
DA:142,31
DA:144,31
DA:146,31
DA:147,6
DA:148,6
DA:149,37
DA:150,37
DA:151,37
DA:152,6
DA:153,37
DA:154,37
DA:155,37
DA:157,37
DA:161,1
DA:162,40
DA:163,40
DA:164,40
DA:165,40
DA:166,40
DA:171,40
DA:172,40
DA:173,40
DA:174,40
DA:176,40
DA:177,40
DA:178,40
DA:180,40
DA:181,16
DA:183,13
DA:184,13
DA:186,13
DA:187,13
DA:188,13
DA:189,13
DA:191,13
DA:192,13
DA:193,13
DA:194,13
DA:195,40
DA:197,40
DA:198,3
DA:199,3
DA:200,3
DA:201,3
DA:202,3
DA:204,3
DA:206,37
DA:207,37
DA:208,37
DA:209,37
DA:210,37
DA:211,37
DA:212,40
DA:213,40
DA:214,40
DA:215,40
DA:216,40
DA:219,40
DA:220,13
DA:221,13
DA:222,13
DA:223,13
DA:225,40
DA:226,40
DA:229,40
DA:230,40
DA:231,40
DA:233,40
DA:235,40
DA:236,13
DA:237,13
DA:238,13
DA:239,13
DA:241,40
DA:242,40
DA:243,22
DA:245,40
DA:246,1
DA:247,1
DA:248,2
DA:249,2
DA:250,2
DA:251,2
DA:252,2
DA:253,1
DA:254,1
DA:256,40
DA:259,40
DA:260,40
DA:261,40
DA:263,40
DA:264,40
DA:265,40
DA:266,40
DA:268,40
LF:199
LH:197
BRDA:8,0,0,8
BRDA:9,1,0,2
BRDA:9,2,0,6
BRDA:10,3,0,0
BRDA:10,4,0,6
BRDA:16,5,0,3
BRDA:39,6,0,10
BRDA:54,7,0,2
BRDA:54,8,0,2
BRDA:54,9,0,1
BRDA:55,10,0,9
BRDA:57,11,0,2
BRDA:57,12,0,8
BRDA:40,13,0,60
BRDA:41,14,0,12
BRDA:41,15,0,12
BRDA:41,16,0,54
BRDA:41,17,0,6
BRDA:78,18,0,40
BRDA:91,19,0,8
BRDA:117,20,0,6
BRDA:117,21,0,2
BRDA:104,22,0,1
BRDA:129,23,0,37
BRDA:131,24,0,31
BRDA:132,25,0,0
BRDA:133,26,0,0
BRDA:138,27,0,37
BRDA:140,28,0,31
BRDA:146,29,0,24
BRDA:146,30,0,6
BRDA:149,31,0,0
BRDA:149,32,0,6
BRDA:151,33,0,6
BRDA:161,34,0,40
BRDA:197,35,0,3
BRDA:204,36,0,37
BRDA:212,37,0,0
BRDA:219,38,0,13
BRDA:225,39,0,1
BRDA:226,40,0,10
BRDA:235,41,0,13
BRDA:241,42,0,1
BRDA:242,43,0,24
BRDA:242,44,0,23
BRDA:242,45,0,22
BRDA:245,46,0,1
BRDA:180,47,0,16
BRDA:181,48,0,13
BRDA:181,49,0,15
BRDA:181,50,0,3
BRDA:181,51,0,13
BRDA:187,52,0,12
BRDA:188,53,0,1
BRDA:188,54,0,0
BRDA:189,55,0,13
BRDA:192,56,0,12
BRDA:192,57,0,0
BRDA:193,58,0,1
BRDA:193,59,0,0
BRDA:194,60,0,13
BRDA:247,61,0,2
BRF:62
BRH:54
end_of_record
